<?xml version="1.0" encoding="UTF-8"?>
<!-- Generated by org.testng.reporters.JUnitReportReporter -->
<testsuite hostname="Lipsas-MacBook-Pro.local" failures="0" tests="1" name="src_Appium.Calculator" time="1.174" errors="0" timestamp="15 Mar 2022 09:06:52 GMT" skipped="0">
  <testcase classname="src_Appium.Calculator" name="testCal" time="1.174"/>
</testsuite> <!-- src_Appium.Calculator -->
