<?xml version="1.0" encoding="UTF-8"?>
<!-- Generated by org.testng.reporters.JUnitReportReporter -->
<testsuite hostname="Lipsas-MacBook-Pro.local" failures="0" tests="3" name="src_Appium.RainApk" time="67.095" errors="0" timestamp="15 Mar 2022 18:39:01 GMT" skipped="0">
  <testcase classname="src_Appium.RainApk" name="testRegFlow" time="31.367"/>
  <testcase classname="src_Appium.RainApk" name="testSignIn" time="18.525"/>
  <testcase classname="src_Appium.RainApk" name="testSignIn" time="17.203"/>
</testsuite> <!-- src_Appium.RainApk -->
