<?xml version="1.0" encoding="UTF-8"?>
<!-- Generated by org.testng.reporters.JUnitReportReporter -->
<testsuite hostname="Lipsas-MacBook-Pro.local" failures="0" tests="1" name="src_Appium.AndroidSample" time="0.930" errors="0" timestamp="15 Mar 2022 10:46:29 GMT" skipped="0">
  <testcase classname="src_Appium.AndroidSample" name="testAndroid" time="0.930"/>
</testsuite> <!-- src_Appium.AndroidSample -->
