<?xml version="1.0" encoding="UTF-8"?>
<!-- Generated by org.testng.reporters.JUnitReportReporter -->
<testsuite hostname="Lipsas-MacBook-Pro.local" failures="0" tests="1" name="src_Appium.IOS_Sample" time="5.792" errors="0" timestamp="15 Mar 2022 10:59:40 GMT" skipped="0">
  <testcase classname="src_Appium.IOS_Sample" name="testIOS" time="5.792"/>
</testsuite> <!-- src_Appium.IOS_Sample -->
